<?xml version="1.0" encoding="UTF-8"?>
<testsuite xmlns:xsi="http://www.w3.org/2001/XMLSchema-instance" xsi:noNamespaceSchemaLocation="https://maven.apache.org/surefire/maven-surefire-plugin/xsd/surefire-test-report-3.0.xsd" version="3.0" name="TestSuite" time="75.425" tests="1" errors="0" skipped="0" failures="0">
  <properties>
[...]
</properties>
  <testcase name="testGoToShoppingLists" classname="com.fastshopping.testcases.CreateList2" time="45.887">
    <system-out><![CDATA[22:36:12.519 [main] DEBUG org.testng.TestNG -- suiteXmlPath: "E:\eclipse-workspace\NXT_Mobile_Automation\testng.xml"
]]></system-out>
  </testcase>
</testsuite>