<?xml version="1.0" encoding="UTF-8"?>
<!-- Generated by org.testng.reporters.JUnitXMLReporter -->
<testsuite ignored="0" hostname="CAI-ENG-L034" failures="0" tests="1" name="Create First List" time="0.112" errors="0" timestamp="2025-08-31T21:49:23 EEST">
  <testcase classname="com.fastshopping.pages.BaseClass" name="@BeforeClass driverSetup" time="0.001">
    <failure type="java.lang.NullPointerException">
      <![CDATA[java.lang.NullPointerException
at com.fastshopping.pages.BaseClass.driverSetup(BaseClass.java:26)
at java.base/java.util.ArrayList.forEach(ArrayList.java:1541)
... Removed 29 stack frames]]>
    </failure>
  </testcase> <!-- @BeforeClass driverSetup -->
  <testcase classname="com.fastshopping.pages.BaseClass" name="@AfterMethod tearDownMethod" time="0.0">
    <skipped/>
  </testcase> <!-- @AfterMethod tearDownMethod -->
  <testcase classname="com.fastshopping.pages.BaseClass" name="@AfterClass driverTearDown" time="0.0">
    <skipped/>
  </testcase> <!-- @AfterClass driverTearDown -->
  <testcase classname="com.fastshopping.testcases.CreateList1" name="testGoToShoppingLists" time="0.0">
    <skipped/>
  </testcase> <!-- testGoToShoppingLists -->
</testsuite> <!-- Create First List -->
