<?xml version="1.0" encoding="UTF-8"?>
<!-- Generated by org.testng.reporters.JUnitXMLReporter -->
<testsuite ignored="0" hostname="CAI-ENG-L034" failures="0" tests="1" name="CreateNewList Test" time="0.275" errors="0" timestamp="2025-08-31T18:26:53 EEST">
  <testcase classname="com.fastshopping.pages.BaseClass" name="@BeforeSuite setUpSuite" time="0.461">
    <failure type="org.apache.poi.openxml4j.exceptions.OLE2NotOfficeXmlFileException" message="The supplied data appears to be in the OLE2 Format. You are calling the part of POI that deals with OOXML (Office Open XML) Documents. You need to call a different part of POI to process this data (eg HSSF instead of XSSF)">
      <![CDATA[org.apache.poi.openxml4j.exceptions.OLE2NotOfficeXmlFileException: The supplied data appears to be in the OLE2 Format. You are calling the part of POI that deals with OOXML (Office Open XML) Documents. You need to call a different part of POI to process this data (eg HSSF instead of XSSF)
at org.apache.poi.openxml4j.opc.internal.ZipHelper.verifyZipHeader(ZipHelper.java:149)
at org.apache.poi.openxml4j.opc.internal.ZipHelper.openZipStream(ZipHelper.java:189)
at org.apache.poi.openxml4j.opc.ZipPackage.<init>(ZipPackage.java:156)
at org.apache.poi.openxml4j.opc.OPCPackage.open(OPCPackage.java:351)
at org.apache.poi.ooxml.util.PackageHelper.open(PackageHelper.java:64)
at org.apache.poi.xssf.usermodel.XSSFWorkbook.<init>(XSSFWorkbook.java:315)
at org.apache.poi.xssf.usermodel.XSSFWorkbook.<init>(XSSFWorkbook.java:289)
at com.fastshopping.utility.ExcelDataProvider.<init>(ExcelDataProvider.java:17)
at com.fastshopping.pages.BaseClass.setUpSuite(BaseClass.java:21)
... Removed 19 stack frames]]>
    </failure>
  </testcase> <!-- @BeforeSuite setUpSuite -->
  <testcase classname="com.fastshopping.pages.BaseClass" name="@BeforeClass driverSetup" time="0.0">
    <skipped/>
  </testcase> <!-- @BeforeClass driverSetup -->
  <testcase classname="com.fastshopping.pages.BaseClass" name="@AfterMethod tearDownMethod" time="0.0">
    <skipped/>
  </testcase> <!-- @AfterMethod tearDownMethod -->
  <testcase classname="com.fastshopping.pages.BaseClass" name="@AfterClass driverTearDown" time="0.0">
    <skipped/>
  </testcase> <!-- @AfterClass driverTearDown -->
  <testcase classname="com.fastshopping.testcases.createNewList" name="testGoToShoppingLists" time="0.001">
    <skipped/>
  </testcase> <!-- testGoToShoppingLists -->
</testsuite> <!-- CreateNewList Test -->
